<?xml version="1.0" encoding="UTF-8"?>
<!-- Generated by org.testng.reporters.JUnitXMLReporter -->
<testsuite ignored="3" hostname="DESKTOP-H8BHTI6" failures="0" tests="4" name="Test" time="52.875" errors="0" timestamp="2025-09-11T14:21:08 IST">
  <testcase classname="TestScript.LoginTest" name="verifyUserLoginWithValidCredential" time="10.368"/>
  <testcase classname="TestScript.CreateNewAdminUserPageTest" name="verifySearchAdminUsers" time="17.612"/>
  <testcase classname="TestScript.HomeLogoutPageTest" name="verifyUserLogoutSuccessfully" time="4.972"/>
  <testcase classname="TestScript.CreateNewAdminUserPageTest" name="verifyUserAdminCreation" time="5.429"/>
  <testcase classname="TestScript.LoginTest" name="verifyValidUsernameAndInvalidPassword" time="0.0">
    <ignored/>
  </testcase> <!-- verifyValidUsernameAndInvalidPassword -->
  <testcase classname="TestScript.LoginTest" name="verifyUserLoginWithWrongCredential" time="0.0">
    <ignored/>
  </testcase> <!-- verifyUserLoginWithWrongCredential -->
  <testcase classname="TestScript.LoginTest" name="verifyInvalidUsernameAndValidPassword" time="0.0">
    <ignored/>
  </testcase> <!-- verifyInvalidUsernameAndValidPassword -->
</testsuite> <!-- Test -->
