<?xml version="1.0" encoding="UTF-8"?>
<!-- Generated by org.testng.reporters.JUnitXMLReporter -->
<testsuite ignored="2" hostname="DESKTOP-H8BHTI6" failures="0" tests="1" name="Test" time="10.27" errors="0" timestamp="2025-09-16T15:05:53 IST">
  <testcase classname="TestScript.ManageNewsTest" name="verifyResetButtonFunctionality" time="3.661"/>
  <testcase classname="TestScript.ManageNewsTest" name="verifyUserIsAbleToAddNewNewsContent" time="0.0">
    <ignored/>
  </testcase> <!-- verifyUserIsAbleToAddNewNewsContent -->
  <testcase classname="TestScript.ManageNewsTest" name="verifySearchForNewNewsTitle" time="0.0">
    <ignored/>
  </testcase> <!-- verifySearchForNewNewsTitle -->
</testsuite> <!-- Test -->
