<?xml version="1.0" encoding="UTF-8"?>
<!-- Generated by org.testng.reporters.JUnitXMLReporter -->
<testsuite ignored="3" hostname="DESKTOP-H8BHTI6" failures="0" tests="4" name="Test" time="56.956" errors="0" timestamp="2025-09-09T18:00:11 IST">
  <testcase classname="TestScript.LoginTest" name="verifyUserLoginWithValidCredential" time="3.682"/>
  <testcase classname="TestScript.HomeLogoutPageTest" name="verifyUserLogoutSuccessfully" time="2.776"/>
  <testcase classname="TestScript.CreateNewAdminUserPageTest" name="verifySearchAdminUsers" time="4.729"/>
  <testcase classname="TestScript.CreateNewAdminUserPageTest" name="verifyUserAdminCreation" time="6.337"/>
  <testcase classname="TestScript.LoginTest" name="verifyValidUsernameAndInvalidPassword" time="0.0">
    <ignored/>
  </testcase> <!-- verifyValidUsernameAndInvalidPassword -->
  <testcase classname="TestScript.LoginTest" name="verifyInvalidUsernameAndValidPassword" time="0.0">
    <ignored/>
  </testcase> <!-- verifyInvalidUsernameAndValidPassword -->
  <testcase classname="TestScript.LoginTest" name="verifyUserLoginWithWrongCredential" time="0.0">
    <ignored/>
  </testcase> <!-- verifyUserLoginWithWrongCredential -->
</testsuite> <!-- Test -->
