<?xml version="1.0" encoding="UTF-8"?>
<testng-results ignored="0" total="1" passed="1" failed="0" skipped="0">
  <reporter-output>
  </reporter-output>
  <suite started-at="2025-09-02T12:58:36 IST" name="Default suite" finished-at="2025-09-02T12:58:51 IST" duration-ms="15463">
    <groups>
    </groups>
    <test started-at="2025-09-02T12:58:36 IST" name="Default test" finished-at="2025-09-02T12:58:51 IST" duration-ms="15463">
      <class name="TestScript.CreateNewAdminUserPageTest">
        <test-method is-config="true" signature="initializeBrowser()[pri:0, instance:TestScript.CreateNewAdminUserPageTest@5c6648b0]" started-at="2025-09-02T12:58:36 IST" name="initializeBrowser" finished-at="2025-09-02T12:58:45 IST" duration-ms="9416" status="PASS">
          <reporter-output>
          </reporter-output>
        </test-method> <!-- initializeBrowser -->
        <test-method signature="verifySearchAdminUsers()[pri:0, instance:TestScript.CreateNewAdminUserPageTest@5c6648b0]" started-at="2025-09-02T12:58:45 IST" name="verifySearchAdminUsers" finished-at="2025-09-02T12:58:51 IST" duration-ms="5933" status="PASS">
          <reporter-output>
          </reporter-output>
        </test-method> <!-- verifySearchAdminUsers -->
        <test-method is-config="true" signature="closeAndQuit()[pri:0, instance:TestScript.CreateNewAdminUserPageTest@5c6648b0]" started-at="2025-09-02T12:58:51 IST" name="closeAndQuit" finished-at="2025-09-02T12:58:51 IST" duration-ms="2" status="PASS">
          <reporter-output>
          </reporter-output>
        </test-method> <!-- closeAndQuit -->
      </class> <!-- TestScript.CreateNewAdminUserPageTest -->
    </test> <!-- Default test -->
  </suite> <!-- Default suite -->
</testng-results>
