<?xml version="1.0" encoding="UTF-8"?>
<testng-results ignored="0" total="1" passed="1" failed="0" skipped="0">
  <reporter-output>
  </reporter-output>
  <suite started-at="2025-09-16T15:05:42 IST" name="Suite" finished-at="2025-09-16T15:05:52 IST" duration-ms="10270">
    <groups>
    </groups>
    <test started-at="2025-09-16T15:05:42 IST" name="Test" finished-at="2025-09-16T15:05:52 IST" duration-ms="10270">
      <class name="TestScript.ManageNewsTest">
        <test-method is-config="true" signature="initializeBrowser(java.lang.String)[pri:0, instance:TestScript.ManageNewsTest@2d29b4ee]" started-at="2025-09-16T15:05:42 IST" name="initializeBrowser" finished-at="2025-09-16T15:05:49 IST" duration-ms="6527" status="PASS">
          <params>
            <param index="0">
              <value>
                <![CDATA[firefox]]>
              </value>
            </param>
          </params>
          <reporter-output>
          </reporter-output>
        </test-method> <!-- initializeBrowser -->
        <test-method signature="verifyResetButtonFunctionality()[pri:0, instance:TestScript.ManageNewsTest@2d29b4ee]" started-at="2025-09-16T15:05:49 IST" name="verifyResetButtonFunctionality" finished-at="2025-09-16T15:05:52 IST" duration-ms="3661" status="PASS">
          <reporter-output>
          </reporter-output>
        </test-method> <!-- verifyResetButtonFunctionality -->
        <test-method is-config="true" signature="driverQuit(org.testng.ITestResult)[pri:0, instance:TestScript.ManageNewsTest@2d29b4ee]" started-at="2025-09-16T15:05:52 IST" name="driverQuit" finished-at="2025-09-16T15:05:52 IST" duration-ms="3" status="PASS">
          <params>
            <param index="0">
              <value>
                <![CDATA[[TestResult name=verifyResetButtonFunctionality status=SUCCESS method=ManageNewsTest.verifyResetButtonFunctionality()[pri:0, instance:TestScript.ManageNewsTest@2d29b4ee] output={null}]]]>
              </value>
            </param>
          </params>
          <reporter-output>
          </reporter-output>
        </test-method> <!-- driverQuit -->
      </class> <!-- TestScript.ManageNewsTest -->
    </test> <!-- Test -->
  </suite> <!-- Suite -->
</testng-results>
