<?xml version="1.0" encoding="UTF-8"?>
<!-- Generated by org.testng.reporters.JUnitXMLReporter -->
<testsuite ignored="3" hostname="DESKTOP-H8BHTI6" failures="0" tests="1" name="Default test" time="5.185" errors="0" timestamp="2025-08-27T14:20:44 IST">
  <testcase classname="TestScript.LoginTest" name="verifyInvalidUsernameAndValidPassword" time="1.825"/>
  <testcase classname="TestScript.LoginTest" name="verifyUserLoginWithWrongCredential" time="0.0">
    <ignored/>
  </testcase> <!-- verifyUserLoginWithWrongCredential -->
  <testcase classname="TestScript.LoginTest" name="verifyValidUsernameAndInvalidPassword" time="0.0">
    <ignored/>
  </testcase> <!-- verifyValidUsernameAndInvalidPassword -->
  <testcase classname="TestScript.LoginTest" name="verifyUserLoginWithValidCredential" time="0.0">
    <ignored/>
  </testcase> <!-- verifyUserLoginWithValidCredential -->
</testsuite> <!-- Default test -->
