<?xml version="1.0" encoding="UTF-8"?>
<!-- Generated by org.testng.reporters.JUnitXMLReporter -->
<testsuite ignored="2" hostname="DESKTOP-H8BHTI6" failures="0" tests="1" name="Default test" time="12.383" errors="0" timestamp="2025-09-08T13:53:28 IST">
  <testcase classname="TestScript.ManageNewsTest" name="verifyUserIsAbleToAddNewNewsContent" time="3.943"/>
  <testcase classname="TestScript.ManageNewsTest" name="verifySearchForNewNewsTitle" time="0.0">
    <ignored/>
  </testcase> <!-- verifySearchForNewNewsTitle -->
  <testcase classname="TestScript.ManageNewsTest" name="verifyResetButtonFunctionality" time="0.0">
    <ignored/>
  </testcase> <!-- verifyResetButtonFunctionality -->
</testsuite> <!-- Default test -->
