<?xml version="1.0" encoding="UTF-8"?>
<!-- Generated by org.testng.reporters.JUnitXMLReporter -->
<testsuite ignored="3" hostname="DESKTOP-H8BHTI6" failures="0" tests="1" name="ChromeTest" time="10.4" errors="0" timestamp="2025-09-10T16:45:01 IST">
  <testcase classname="TestScript.LoginTest" name="verifyUserLoginWithValidCredential" time="4.391"/>
  <testcase classname="TestScript.LoginTest" name="verifyUserLoginWithWrongCredential" time="0.0">
    <ignored/>
  </testcase> <!-- verifyUserLoginWithWrongCredential -->
  <testcase classname="TestScript.LoginTest" name="verifyInvalidUsernameAndValidPassword" time="0.0">
    <ignored/>
  </testcase> <!-- verifyInvalidUsernameAndValidPassword -->
  <testcase classname="TestScript.LoginTest" name="verifyValidUsernameAndInvalidPassword" time="0.0">
    <ignored/>
  </testcase> <!-- verifyValidUsernameAndInvalidPassword -->
</testsuite> <!-- ChromeTest -->
